<?xml version="1.0" encoding="UTF-8"?>
<!-- Generated by org.testng.reporters.JUnitReportReporter -->
<testsuite hostname="sree-PC" name="com.app.qa.tests.REST" tests="6" failures="0" timestamp="13 Oct 2014 04:58:49 GMT" time="0.919" errors="0">
  <testcase name="testContentJSON" time="0.158" classname="com.app.qa.tests.REST"/>
  <testcase name="testResponseType" time="0.203" classname="com.app.qa.tests.REST"/>
  <testcase name="testContentJSON" time="0.162" classname="com.app.qa.tests.REST"/>
  <testcase name="testStatusCode" time="0.180" classname="com.app.qa.tests.REST"/>
  <testcase name="testStatusNoConentCode" time="0.200" classname="com.app.qa.tests.REST"/>
  <testcase name="testStatus404Code" time="0.016" classname="com.app.qa.tests.REST"/>
</testsuite> <!-- com.app.qa.tests.REST -->
