<?xml version="1.0" encoding="UTF-8"?>
<!-- Generated by org.testng.reporters.JUnitReportReporter -->
<testsuite hostname="sree-PC" name="com.app.qa.tests.RESTTest" tests="6" failures="0" timestamp="11 Jan 2015 16:57:53 GMT" time="1.692" errors="0">
  <testcase name="testStatusNoConentCode" time="0.349" classname="com.app.qa.tests.RESTTest"/>
  <testcase name="testContentJSON" time="0.300" classname="com.app.qa.tests.RESTTest"/>
  <testcase name="testContentJSON" time="0.423" classname="com.app.qa.tests.RESTTest"/>
  <testcase name="testStatus404Code" time="0.018" classname="com.app.qa.tests.RESTTest"/>
  <testcase name="testStatusCode" time="0.301" classname="com.app.qa.tests.RESTTest"/>
  <testcase name="testResponseType" time="0.301" classname="com.app.qa.tests.RESTTest"/>
</testsuite> <!-- com.app.qa.tests.RESTTest -->
