<?xml version="1.0" encoding="UTF-8"?>
<!-- Generated by org.testng.reporters.JUnitReportReporter -->
<testsuite hostname="sree-PC" name="com.app.qa.tests.TemperatureServicesTest" tests="7" failures="0" timestamp="11 Jan 2015 17:30:08 GMT" time="7.218" errors="0">
  <testcase name="verifyTemperaturNoValue" time="0.753" classname="com.app.qa.tests.TemperatureServicesTest"/>
  <testcase name="verifyTemperature" time="1.193" classname="com.app.qa.tests.TemperatureServicesTest"/>
  <testcase name="verifyTemperatureForMissingZip" time="2.237" classname="com.app.qa.tests.TemperatureServicesTest"/>
  <testcase name="verifyPageTitle" time="0.790" classname="com.app.qa.tests.TemperatureServicesTest"/>
  <testcase name="verifyPageHeader" time="0.082" classname="com.app.qa.tests.TemperatureServicesTest"/>
  <testcase name="verifyTemperature" time="1.657" classname="com.app.qa.tests.TemperatureServicesTest"/>
  <testcase name="verifyTemperatureWithInvalidDetails" time="0.506" classname="com.app.qa.tests.TemperatureServicesTest"/>
</testsuite> <!-- com.app.qa.tests.TemperatureServicesTest -->
